# JRE version: OpenJDK Runtime Environment Temurin-21.0.10+7 (21.0.10+7) (build 21.0.10+7-LTS)
# Java VM: OpenJDK 64-Bit Server VM Temurin-21.0.10+7 (21.0.10+7-LTS, mixed mode, sharing, tiered, compressed oops, compressed class ptrs, parallel gc, windows-amd64)
GC Precious Log:
 CardTable entry size: 512
 CPUs: 8 total, 8 available
 Memory: 8029M
 Large Page Support: Disabled
 NUMA Support: Disabled
 Compressed Oops: Enabled (32-bit)
 Alignments: Space 512K, Generation 512K, Heap 2M
 Heap Min Capacity: 100M
 Heap Initial Capacity: 100M
 Heap Max Capacity: 2G
 Pre-touch: Disabled
 Parallel Workers: 8
Heap:
 PSYoungGen      total 7168K, used 3843K [0x00000000d5580000, 0x00000000d6080000, 0x0000000100000000)
  eden space 6656K, 52% used [0x00000000d5580000,0x00000000d58e8c50,0x00000000d5c00000)
  from space 512K, 68% used [0x00000000d5f00000,0x00000000d5f58000,0x00000000d5f80000)
  to   space 1024K, 0% used [0x00000000d5f80000,0x00000000d5f80000,0x00000000d6080000)
 ParOldGen       total 709632K, used 709337K [0x0000000080000000, 0x00000000ab500000, 0x00000000d5580000)
  object space 709632K, 99% used [0x0000000080000000,0x00000000ab4b6468,0x00000000ab500000)
 Metaspace       used 89464K, committed 91456K, reserved 1179648K
  class space    used 8956K, committed 9856K, reserved 1048576K
GC Heap History (20 events):
Event: 821.694 GC heap before
{Heap before GC invocations=2111 (full 5):
 PSYoungGen      total 8704K, used 8352K [0x00000000d5580000, 0x00000000d5f80000, 0x0000000100000000)
  eden space 7680K, 100% used [0x00000000d5580000,0x00000000d5d00000,0x00000000d5d00000)
  from space 1024K, 65% used [0x00000000d5d80000,0x00000000d5e28000,0x00000000d5e80000)
  to   space 1024K, 0% used [0x00000000d5e80000,0x00000000d5e80000,0x00000000d5f80000)
 ParOldGen       total 698880K, used 698391K [0x0000000080000000, 0x00000000aaa80000, 0x00000000d5580000)
  object space 698880K, 99% used [0x0000000080000000,0x00000000aaa05c88,0x00000000aaa80000)
 Metaspace       used 89453K, committed 91456K, reserved 1179648K
  class space    used 8956K, committed 9856K, reserved 1048576K
}
Event: 821.697 GC heap after
{Heap after GC invocations=2111 (full 5):
 PSYoungGen      total 7680K, used 1024K [0x00000000d5580000, 0x00000000d6200000, 0x0000000100000000)
  eden space 6656K, 0% used [0x00000000d5580000,0x00000000d5580000,0x00000000d5c00000)
  from space 1024K, 100% used [0x00000000d5e80000,0x00000000d5f80000,0x00000000d5f80000)
  to   space 2560K, 0% used [0x00000000d5c00000,0x00000000d5c00000,0x00000000d5e80000)
 ParOldGen       total 699392K, used 699211K [0x0000000080000000, 0x00000000aab00000, 0x00000000d5580000)
  object space 699392K, 99% used [0x0000000080000000,0x00000000aaad2fa0,0x00000000aab00000)
 Metaspace       used 89453K, committed 91456K, reserved 1179648K
  class space    used 8956K, committed 9856K, reserved 1048576K
}
Event: 821.768 GC heap before
{Heap before GC invocations=2112 (full 5):
 PSYoungGen      total 7680K, used 7680K [0x00000000d5580000, 0x00000000d6200000, 0x0000000100000000)
  eden space 6656K, 100% used [0x00000000d5580000,0x00000000d5c00000,0x00000000d5c00000)
  from space 1024K, 100% used [0x00000000d5e80000,0x00000000d5f80000,0x00000000d5f80000)
  to   space 2560K, 0% used [0x00000000d5c00000,0x00000000d5c00000,0x00000000d5e80000)
 ParOldGen       total 699392K, used 699211K [0x0000000080000000, 0x00000000aab00000, 0x00000000d5580000)
  object space 699392K, 99% used [0x0000000080000000,0x00000000aaad2fa0,0x00000000aab00000)
 Metaspace       used 89453K, committed 91456K, reserved 1179648K
  class space    used 8956K, committed 9856K, reserved 1048576K
}
Event: 821.774 GC heap after
{Heap after GC invocations=2112 (full 5):
 PSYoungGen      total 7680K, used 896K [0x00000000d5580000, 0x00000000d5f00000, 0x0000000100000000)
  eden space 6656K, 0% used [0x00000000d5580000,0x00000000d5580000,0x00000000d5c00000)
  from space 1024K, 87% used [0x00000000d5c00000,0x00000000d5ce0000,0x00000000d5d00000)
  to   space 1536K, 0% used [0x00000000d5d80000,0x00000000d5d80000,0x00000000d5f00000)
 ParOldGen       total 700416K, used 700248K [0x0000000080000000, 0x00000000aac00000, 0x00000000d5580000)
  object space 700416K, 99% used [0x0000000080000000,0x00000000aabd6090,0x00000000aac00000)
 Metaspace       used 89453K, committed 91456K, reserved 1179648K
  class space    used 8956K, committed 9856K, reserved 1048576K
}
Event: 821.825 GC heap before
{Heap before GC invocations=2113 (full 5):
 PSYoungGen      total 7680K, used 7552K [0x00000000d5580000, 0x00000000d5f00000, 0x0000000100000000)
  eden space 6656K, 100% used [0x00000000d5580000,0x00000000d5c00000,0x00000000d5c00000)
  from space 1024K, 87% used [0x00000000d5c00000,0x00000000d5ce0000,0x00000000d5d00000)
  to   space 1536K, 0% used [0x00000000d5d80000,0x00000000d5d80000,0x00000000d5f00000)
 ParOldGen       total 700416K, used 700248K [0x0000000080000000, 0x00000000aac00000, 0x00000000d5580000)
  object space 700416K, 99% used [0x0000000080000000,0x00000000aabd6090,0x00000000aac00000)
 Metaspace       used 89453K, committed 91456K, reserved 1179648K
  class space    used 8956K, committed 9856K, reserved 1048576K
}
Event: 821.830 GC heap after
{Heap after GC invocations=2113 (full 5):
 PSYoungGen      total 7680K, used 884K [0x00000000d5580000, 0x00000000d5e80000, 0x0000000100000000)
  eden space 6656K, 0% used [0x00000000d5580000,0x00000000d5580000,0x00000000d5c00000)
  from space 1024K, 86% used [0x00000000d5d80000,0x00000000d5e5d0e0,0x00000000d5e80000)
  to   space 1024K, 0% used [0x00000000d5c00000,0x00000000d5c00000,0x00000000d5d00000)
 ParOldGen       total 701440K, used 700963K [0x0000000080000000, 0x00000000aad00000, 0x00000000d5580000)
  object space 701440K, 99% used [0x0000000080000000,0x00000000aac88f40,0x00000000aad00000)
 Metaspace       used 89453K, committed 91456K, reserved 1179648K
  class space    used 8956K, committed 9856K, reserved 1048576K
}
Event: 821.853 GC heap before
{Heap before GC invocations=2114 (full 5):
 PSYoungGen      total 7680K, used 7540K [0x00000000d5580000, 0x00000000d5e80000, 0x0000000100000000)
  eden space 6656K, 100% used [0x00000000d5580000,0x00000000d5c00000,0x00000000d5c00000)
  from space 1024K, 86% used [0x00000000d5d80000,0x00000000d5e5d0e0,0x00000000d5e80000)
  to   space 1024K, 0% used [0x00000000d5c00000,0x00000000d5c00000,0x00000000d5d00000)
 ParOldGen       total 701440K, used 700963K [0x0000000080000000, 0x00000000aad00000, 0x00000000d5580000)
  object space 701440K, 99% used [0x0000000080000000,0x00000000aac88f40,0x00000000aad00000)
 Metaspace       used 89453K, committed 91456K, reserved 1179648K
  class space    used 8956K, committed 9856K, reserved 1048576K
}
Event: 821.858 GC heap after
{Heap after GC invocations=2114 (full 5):
 PSYoungGen      total 7680K, used 996K [0x00000000d5580000, 0x00000000d6000000, 0x0000000100000000)
  eden space 6656K, 0% used [0x00000000d5580000,0x00000000d5580000,0x00000000d5c00000)
  from space 1024K, 97% used [0x00000000d5c00000,0x00000000d5cf90f0,0x00000000d5d00000)
  to   space 2048K, 0% used [0x00000000d5e00000,0x00000000d5e00000,0x00000000d6000000)
 ParOldGen       total 701952K, used 701737K [0x0000000080000000, 0x00000000aad80000, 0x00000000d5580000)
  object space 701952K, 99% used [0x0000000080000000,0x00000000aad4a4b0,0x00000000aad80000)
 Metaspace       used 89453K, committed 91456K, reserved 1179648K
  class space    used 8956K, committed 9856K, reserved 1048576K
}
Event: 822.217 GC heap before
{Heap before GC invocations=2115 (full 5):
 PSYoungGen      total 7680K, used 7652K [0x00000000d5580000, 0x00000000d6000000, 0x0000000100000000)
  eden space 6656K, 100% used [0x00000000d5580000,0x00000000d5c00000,0x00000000d5c00000)
  from space 1024K, 97% used [0x00000000d5c00000,0x00000000d5cf90f0,0x00000000d5d00000)
  to   space 2048K, 0% used [0x00000000d5e00000,0x00000000d5e00000,0x00000000d6000000)
 ParOldGen       total 701952K, used 701737K [0x0000000080000000, 0x00000000aad80000, 0x00000000d5580000)
  object space 701952K, 99% used [0x0000000080000000,0x00000000aad4a4b0,0x00000000aad80000)
 Metaspace       used 89463K, committed 91456K, reserved 1179648K
  class space    used 8956K, committed 9856K, reserved 1048576K
}
Event: 822.221 GC heap after
{Heap after GC invocations=2115 (full 5):
 PSYoungGen      total 8704K, used 1875K [0x00000000d5580000, 0x00000000d6000000, 0x0000000100000000)
  eden space 6656K, 0% used [0x00000000d5580000,0x00000000d5580000,0x00000000d5c00000)
  from space 2048K, 91% used [0x00000000d5e00000,0x00000000d5fd4e50,0x00000000d6000000)
  to   space 2048K, 0% used [0x00000000d5c00000,0x00000000d5c00000,0x00000000d5e00000)
 ParOldGen       total 702976K, used 702685K [0x0000000080000000, 0x00000000aae80000, 0x00000000d5580000)
  object space 702976K, 99% used [0x0000000080000000,0x00000000aae37640,0x00000000aae80000)
 Metaspace       used 89463K, committed 91456K, reserved 1179648K
  class space    used 8956K, committed 9856K, reserved 1048576K
}
Event: 822.244 GC heap before
{Heap before GC invocations=2116 (full 5):
 PSYoungGen      total 8704K, used 8531K [0x00000000d5580000, 0x00000000d6000000, 0x0000000100000000)
  eden space 6656K, 99% used [0x00000000d5580000,0x00000000d5bffff0,0x00000000d5c00000)
  from space 2048K, 91% used [0x00000000d5e00000,0x00000000d5fd4e50,0x00000000d6000000)
  to   space 2048K, 0% used [0x00000000d5c00000,0x00000000d5c00000,0x00000000d5e00000)
 ParOldGen       total 702976K, used 702685K [0x0000000080000000, 0x00000000aae80000, 0x00000000d5580000)
  object space 702976K, 99% used [0x0000000080000000,0x00000000aae37640,0x00000000aae80000)
 Metaspace       used 89463K, committed 91456K, reserved 1179648K
  class space    used 8956K, committed 9856K, reserved 1048576K
}
Event: 822.248 GC heap after
{Heap after GC invocations=2116 (full 5):
 PSYoungGen      total 8704K, used 2020K [0x00000000d5580000, 0x00000000d6600000, 0x0000000100000000)
  eden space 6656K, 0% used [0x00000000d5580000,0x00000000d5580000,0x00000000d5c00000)
  from space 2048K, 98% used [0x00000000d5c00000,0x00000000d5df90f0,0x00000000d5e00000)
  to   space 5120K, 0% used [0x00000000d6100000,0x00000000d6100000,0x00000000d6600000)
 ParOldGen       total 705024K, used 704956K [0x0000000080000000, 0x00000000ab080000, 0x00000000d5580000)
  object space 705024K, 99% used [0x0000000080000000,0x00000000ab06f310,0x00000000ab080000)
 Metaspace       used 89463K, committed 91456K, reserved 1179648K
  class space    used 8956K, committed 9856K, reserved 1048576K
}
Event: 822.259 GC heap before
{Heap before GC invocations=2117 (full 5):
 PSYoungGen      total 8704K, used 8676K [0x00000000d5580000, 0x00000000d6600000, 0x0000000100000000)
  eden space 6656K, 100% used [0x00000000d5580000,0x00000000d5c00000,0x00000000d5c00000)
  from space 2048K, 98% used [0x00000000d5c00000,0x00000000d5df90f0,0x00000000d5e00000)
  to   space 5120K, 0% used [0x00000000d6100000,0x00000000d6100000,0x00000000d6600000)
 ParOldGen       total 705024K, used 704956K [0x0000000080000000, 0x00000000ab080000, 0x00000000d5580000)
  object space 705024K, 99% used [0x0000000080000000,0x00000000ab06f310,0x00000000ab080000)
 Metaspace       used 89463K, committed 91456K, reserved 1179648K
  class space    used 8956K, committed 9856K, reserved 1048576K
}
Event: 822.262 GC heap after
{Heap after GC invocations=2117 (full 5):
 PSYoungGen      total 7680K, used 656K [0x00000000d5580000, 0x00000000d6200000, 0x0000000100000000)
  eden space 6656K, 0% used [0x00000000d5580000,0x00000000d5580000,0x00000000d5c00000)
  from space 1024K, 64% used [0x00000000d6100000,0x00000000d61a4010,0x00000000d6200000)
  to   space 2048K, 0% used [0x00000000d5e00000,0x00000000d5e00000,0x00000000d6000000)
 ParOldGen       total 707072K, used 707001K [0x0000000080000000, 0x00000000ab280000, 0x00000000d5580000)
  object space 707072K, 99% used [0x0000000080000000,0x00000000ab26e4d0,0x00000000ab280000)
 Metaspace       used 89463K, committed 91456K, reserved 1179648K
  class space    used 8956K, committed 9856K, reserved 1048576K
}
Event: 822.276 GC heap before
{Heap before GC invocations=2118 (full 5):
 PSYoungGen      total 7680K, used 7312K [0x00000000d5580000, 0x00000000d6200000, 0x0000000100000000)
  eden space 6656K, 100% used [0x00000000d5580000,0x00000000d5c00000,0x00000000d5c00000)
  from space 1024K, 64% used [0x00000000d6100000,0x00000000d61a4010,0x00000000d6200000)
  to   space 2048K, 0% used [0x00000000d5e00000,0x00000000d5e00000,0x00000000d6000000)
 ParOldGen       total 707072K, used 707001K [0x0000000080000000, 0x00000000ab280000, 0x00000000d5580000)
  object space 707072K, 99% used [0x0000000080000000,0x00000000ab26e4d0,0x00000000ab280000)
 Metaspace       used 89463K, committed 91456K, reserved 1179648K
  class space    used 8956K, committed 9856K, reserved 1048576K
}
Event: 822.279 GC heap after
{Heap after GC invocations=2118 (full 5):
 PSYoungGen      total 8704K, used 1184K [0x00000000d5580000, 0x00000000d6180000, 0x0000000100000000)
  eden space 6656K, 0% used [0x00000000d5580000,0x00000000d5580000,0x00000000d5c00000)
  from space 2048K, 57% used [0x00000000d5e00000,0x00000000d5f28000,0x00000000d6000000)
  to   space 1536K, 0% used [0x00000000d6000000,0x00000000d6000000,0x00000000d6180000)
 ParOldGen       total 707584K, used 707577K [0x0000000080000000, 0x00000000ab300000, 0x00000000d5580000)
  object space 707584K, 99% used [0x0000000080000000,0x00000000ab2fe530,0x00000000ab300000)
 Metaspace       used 89463K, committed 91456K, reserved 1179648K
  class space    used 8956K, committed 9856K, reserved 1048576K
}
Event: 822.290 GC heap before
{Heap before GC invocations=2119 (full 5):
 PSYoungGen      total 8704K, used 7840K [0x00000000d5580000, 0x00000000d6180000, 0x0000000100000000)
  eden space 6656K, 100% used [0x00000000d5580000,0x00000000d5c00000,0x00000000d5c00000)
  from space 2048K, 57% used [0x00000000d5e00000,0x00000000d5f28000,0x00000000d6000000)
  to   space 1536K, 0% used [0x00000000d6000000,0x00000000d6000000,0x00000000d6180000)
 ParOldGen       total 707584K, used 707577K [0x0000000080000000, 0x00000000ab300000, 0x00000000d5580000)
  object space 707584K, 99% used [0x0000000080000000,0x00000000ab2fe530,0x00000000ab300000)
 Metaspace       used 89463K, committed 91456K, reserved 1179648K
  class space    used 8956K, committed 9856K, reserved 1048576K
}
Event: 822.293 GC heap after
{Heap after GC invocations=2119 (full 5):
 PSYoungGen      total 7680K, used 816K [0x00000000d5580000, 0x00000000d6100000, 0x0000000100000000)
  eden space 6656K, 0% used [0x00000000d5580000,0x00000000d5580000,0x00000000d5c00000)
  from space 1024K, 79% used [0x00000000d6000000,0x00000000d60cc010,0x00000000d6100000)
  to   space 1024K, 0% used [0x00000000d5f00000,0x00000000d5f00000,0x00000000d6000000)
 ParOldGen       total 709120K, used 708633K [0x0000000080000000, 0x00000000ab480000, 0x00000000d5580000)
  object space 709120K, 99% used [0x0000000080000000,0x00000000ab4067d8,0x00000000ab480000)
 Metaspace       used 89463K, committed 91456K, reserved 1179648K
  class space    used 8956K, committed 9856K, reserved 1048576K
}
Event: 824.058 GC heap before
{Heap before GC invocations=2120 (full 5):
 PSYoungGen      total 7680K, used 7472K [0x00000000d5580000, 0x00000000d6100000, 0x0000000100000000)
  eden space 6656K, 100% used [0x00000000d5580000,0x00000000d5c00000,0x00000000d5c00000)
  from space 1024K, 79% used [0x00000000d6000000,0x00000000d60cc010,0x00000000d6100000)
  to   space 1024K, 0% used [0x00000000d5f00000,0x00000000d5f00000,0x00000000d6000000)
 ParOldGen       total 709120K, used 708633K [0x0000000080000000, 0x00000000ab480000, 0x00000000d5580000)
  object space 709120K, 99% used [0x0000000080000000,0x00000000ab4067d8,0x00000000ab480000)
 Metaspace       used 89464K, committed 91456K, reserved 1179648K
  class space    used 8956K, committed 9856K, reserved 1048576K
}
Event: 824.059 GC heap after
{Heap after GC invocations=2120 (full 5):
 PSYoungGen      total 7168K, used 352K [0x00000000d5580000, 0x00000000d6080000, 0x0000000100000000)
  eden space 6656K, 0% used [0x00000000d5580000,0x00000000d5580000,0x00000000d5c00000)
  from space 512K, 68% used [0x00000000d5f00000,0x00000000d5f58000,0x00000000d5f80000)
  to   space 1024K, 0% used [0x00000000d5f80000,0x00000000d5f80000,0x00000000d6080000)
 ParOldGen       total 709632K, used 709337K [0x0000000080000000, 0x00000000ab500000, 0x00000000d5580000)
  object space 709632K, 99% used [0x0000000080000000,0x00000000ab4b6468,0x00000000ab500000)
 Metaspace       used 89464K, committed 91456K, reserved 1179648K
  class space    used 8956K, committed 9856K, reserved 1048576K
}

